2025-08-08 09:41:34,012 - binance_future_scalping - ERROR - Critical error: API keys not found in environment variables
2025-08-08 09:41:34,013 - binance_future_scalping - INFO - Trading bot stopped
2025-08-08 09:49:55,509 - binance_future_scalping - ERROR - Failed to load config: Configuration missing for BTCUSDT
2025-08-08 09:49:55,510 - binance_future_scalping - ERROR - Critical error: Configuration missing for BTCUSDT
2025-08-08 09:49:55,510 - binance_future_scalping - INFO - Trading bot stopped
2025-08-08 09:51:02,146 - binance_future_scalping - INFO - Configuration loaded successfully
2025-08-08 09:51:03,743 - binance_future_scalping - INFO - Available futures balance: 22.54927795 USDT
2025-08-08 09:51:03,745 - binance_future_scalping - INFO - Total balance: 22.55 USDT
2025-08-08 09:51:03,745 - binance_future_scalping - INFO - Allocated trading balance: 18.04 USDT
2025-08-08 09:51:03,746 - binance_future_scalping - INFO - Capital per coin: 6.01 USDT
2025-08-08 09:51:04,269 - binance_future_scalping - INFO - XRPUSDT initialized with 500 candles
2025-08-08 09:51:04,271 - binance_future_scalping - INFO - Trader initialized for XRPUSDT
2025-08-08 09:51:04,789 - binance_future_scalping - INFO - DOGEUSDT initialized with 500 candles
2025-08-08 09:51:04,791 - binance_future_scalping - INFO - Trader initialized for DOGEUSDT
2025-08-08 09:51:05,305 - binance_future_scalping - INFO - TURBOUSDT initialized with 500 candles
2025-08-08 09:51:05,307 - binance_future_scalping - INFO - Trader initialized for TURBOUSDT
2025-08-08 09:51:05,625 - binance.ws.reconnecting_websocket - ERROR - Failed to connect to websocket: [SSL: CERTIFICATE_VERIFY_FAILED] certificate verify failed: unable to get local issuer certificate (_ssl.c:1028)
2025-08-08 09:51:05,628 - binance_future_scalping - ERROR - Critical error: [SSL: CERTIFICATE_VERIFY_FAILED] certificate verify failed: unable to get local issuer certificate (_ssl.c:1028)
2025-08-08 09:51:05,628 - binance_future_scalping - INFO - Trading bot stopped
2025-08-08 09:51:05,707 - asyncio - ERROR - Unclosed client session
client_session: <aiohttp.client.ClientSession object at 0x7f4d02c882d0>
2025-08-08 09:51:05,707 - asyncio - ERROR - Unclosed connector
connections: ['deque([(<aiohttp.client_proto.ResponseHandler object at 0x7f4d02c0a450>, 502437.661723898)])', 'deque([(<aiohttp.client_proto.ResponseHandler object at 0x7f4d02c0b470>, 502437.922081816)])']
connector: <aiohttp.connector.TCPConnector object at 0x7f4d02c88410>
2025-08-08 09:51:05,708 - asyncio - ERROR - Unclosed client session
client_session: <aiohttp.client.ClientSession object at 0x7f4d02c88a50>
2025-08-08 09:51:05,708 - asyncio - ERROR - Unclosed connector
connections: ['deque([(<aiohttp.client_proto.ResponseHandler object at 0x7f4d02c0b710>, 502438.179742666)])', 'deque([(<aiohttp.client_proto.ResponseHandler object at 0x7f4d02c54290>, 502438.437414836)])']
connector: <aiohttp.connector.TCPConnector object at 0x7f4d02c88f50>
2025-08-08 09:51:05,709 - asyncio - ERROR - Unclosed client session
client_session: <aiohttp.client.ClientSession object at 0x7f4d02e965d0>
2025-08-08 09:51:05,709 - asyncio - ERROR - Unclosed connector
connections: ['deque([(<aiohttp.client_proto.ResponseHandler object at 0x7f4d02c09c70>, 502437.136563734)])', 'deque([(<aiohttp.client_proto.ResponseHandler object at 0x7f4d02c0ab70>, 502437.39995321)])']
connector: <aiohttp.connector.TCPConnector object at 0x7f4d02e97390>
